[I 14:06:19.679 NotebookApp] The port 8888 is already in use, trying another port.
[I 14:06:19.679 NotebookApp] The port 8889 is already in use, trying another port.
[W 14:06:19.681 NotebookApp] Error loading server extension hide_code
    Traceback (most recent call last):
      File "/home/patel_zeel/anaconda3/envs/tf1.15/lib/python3.7/site-packages/notebook/notebookapp.py", line 2033, in init_server_extensions
        mod = importlib.import_module(modulename)
      File "/home/patel_zeel/anaconda3/envs/tf1.15/lib/python3.7/importlib/__init__.py", line 127, in import_module
        return _bootstrap._gcd_import(name[level:], package, level)
      File "<frozen importlib._bootstrap>", line 1006, in _gcd_import
      File "<frozen importlib._bootstrap>", line 983, in _find_and_load
      File "<frozen importlib._bootstrap>", line 965, in _find_and_load_unlocked
    ModuleNotFoundError: No module named 'hide_code'
[W 14:06:19.682 NotebookApp] Error loading server extension jupyter_tabnine
    Traceback (most recent call last):
      File "/home/patel_zeel/anaconda3/envs/tf1.15/lib/python3.7/site-packages/notebook/notebookapp.py", line 2033, in init_server_extensions
        mod = importlib.import_module(modulename)
      File "/home/patel_zeel/anaconda3/envs/tf1.15/lib/python3.7/importlib/__init__.py", line 127, in import_module
        return _bootstrap._gcd_import(name[level:], package, level)
      File "<frozen importlib._bootstrap>", line 1006, in _gcd_import
      File "<frozen importlib._bootstrap>", line 983, in _find_and_load
      File "<frozen importlib._bootstrap>", line 965, in _find_and_load_unlocked
    ModuleNotFoundError: No module named 'jupyter_tabnine'
[I 14:06:19.682 NotebookApp] Serving notebooks from local directory: /home/patel_zeel/bridgent
[I 14:06:19.682 NotebookApp] Jupyter Notebook 6.3.0 is running at:
[I 14:06:19.682 NotebookApp] http://sustain:8890/?token=0353ad83515e6a3abf636d99e91c376fd7e21a5c86c12785
[I 14:06:19.682 NotebookApp]  or http://127.0.0.1:8890/?token=0353ad83515e6a3abf636d99e91c376fd7e21a5c86c12785
[I 14:06:19.682 NotebookApp] Use Control-C to stop this server and shut down all kernels (twice to skip confirmation).
[C 14:06:19.685 NotebookApp] 
    
    To access the notebook, open this file in a browser:
        file:///home/patel_zeel/.local/share/jupyter/runtime/nbserver-31836-open.html
    Or copy and paste one of these URLs:
        http://sustain:8890/?token=0353ad83515e6a3abf636d99e91c376fd7e21a5c86c12785
     or http://127.0.0.1:8890/?token=0353ad83515e6a3abf636d99e91c376fd7e21a5c86c12785
[I 14:08:00.463 NotebookApp] Shutting down on /api/shutdown request.
[I 14:08:00.465 NotebookApp] Shutting down 0 kernels
[I 14:08:00.465 NotebookApp] Shutting down 0 terminals
